This is pdfTeX, Version 3.14159265-2.6-1.40.18 (TeX Live 2017/Debian) (preloaded format=pdflatex 2018.8.6)  7 AUG 2018 17:16
entering extended mode
 restricted \write18 enabled.
 %&-line parsing enabled.
**doc.tex
(./doc.tex
LaTeX2e <2017-04-15>
Babel <3.18> and hyphenation patterns for 7 language(s) loaded.
(/usr/share/texlive/texmf-dist/tex/latex/base/article.cls
Document Class: article 2014/09/29 v1.4h Standard LaTeX document class
(/usr/share/texlive/texmf-dist/tex/latex/base/size12.clo
File: size12.clo 2014/09/29 v1.4h Standard LaTeX file (size option)
)
\c@part=\count79
\c@section=\count80
\c@subsection=\count81
\c@subsubsection=\count82
\c@paragraph=\count83
\c@subparagraph=\count84
\c@figure=\count85
\c@table=\count86
\abovecaptionskip=\skip41
\belowcaptionskip=\skip42
\bibindent=\dimen102
)
(/usr/share/texlive/texmf-dist/tex/latex/geometry/geometry.sty
Package: geometry 2010/09/12 v5.6 Page Geometry

(/usr/share/texlive/texmf-dist/tex/latex/graphics/keyval.sty
Package: keyval 2014/10/28 v1.15 key=value parser (DPC)
\KV@toks@=\toks14
)
(/usr/share/texlive/texmf-dist/tex/generic/oberdiek/ifpdf.sty
Package: ifpdf 2017/03/15 v3.2 Provides the ifpdf switch
)
(/usr/share/texlive/texmf-dist/tex/generic/oberdiek/ifvtex.sty
Package: ifvtex 2016/05/16 v1.6 Detect VTeX and its facilities (HO)
Package ifvtex Info: VTeX not detected.
)
(/usr/share/texlive/texmf-dist/tex/generic/ifxetex/ifxetex.sty
Package: ifxetex 2010/09/12 v0.6 Provides ifxetex conditional
)
\Gm@cnth=\count87
\Gm@cntv=\count88
\c@Gm@tempcnt=\count89
\Gm@bindingoffset=\dimen103
\Gm@wd@mp=\dimen104
\Gm@odd@mp=\dimen105
\Gm@even@mp=\dimen106
\Gm@layoutwidth=\dimen107
\Gm@layoutheight=\dimen108
\Gm@layouthoffset=\dimen109
\Gm@layoutvoffset=\dimen110
\Gm@dimlist=\toks15
)
(/usr/share/texlive/texmf-dist/tex/latex/tools/multicol.sty
Package: multicol 2017/04/11 v1.8q multicolumn formatting (FMi)
\c@tracingmulticols=\count90
\mult@box=\box26
\multicol@leftmargin=\dimen111
\c@unbalance=\count91
\c@collectmore=\count92
\doublecol@number=\count93
\multicoltolerance=\count94
\multicolpretolerance=\count95
\full@width=\dimen112
\page@free=\dimen113
\premulticols=\dimen114
\postmulticols=\dimen115
\multicolsep=\skip43
\multicolbaselineskip=\skip44
\partial@page=\box27
\last@line=\box28
\maxbalancingoverflow=\dimen116
\mult@rightbox=\box29
\mult@grightbox=\box30
\mult@gfirstbox=\box31
\mult@firstbox=\box32
\@tempa=\box33
\@tempa=\box34
\@tempa=\box35
\@tempa=\box36
\@tempa=\box37
\@tempa=\box38
\@tempa=\box39
\@tempa=\box40
\@tempa=\box41
\@tempa=\box42
\@tempa=\box43
\@tempa=\box44
\@tempa=\box45
\@tempa=\box46
\@tempa=\box47
\@tempa=\box48
\@tempa=\box49
\c@columnbadness=\count96
\c@finalcolumnbadness=\count97
\last@try=\dimen117
\multicolovershoot=\dimen118
\multicolundershoot=\dimen119
\mult@nat@firstbox=\box50
\colbreak@box=\box51
\mc@col@check@num=\count98
)
(/usr/share/texlive/texmf-dist/tex/latex/caption/caption.sty
Package: caption 2016/02/21 v3.3-144 Customizing captions (AR)

(/usr/share/texlive/texmf-dist/tex/latex/caption/caption3.sty
Package: caption3 2016/05/22 v1.7-166 caption3 kernel (AR)
Package caption3 Info: TeX engine: e-TeX on input line 67.
\captionmargin=\dimen120
\captionmargin@=\dimen121
\captionwidth=\dimen122
\caption@tempdima=\dimen123
\caption@indent=\dimen124
\caption@parindent=\dimen125
\caption@hangindent=\dimen126
)
\c@ContinuedFloat=\count99
)
(/usr/share/texlive/texmf-dist/tex/latex/graphics/graphicx.sty
Package: graphicx 2017/06/01 v1.1a Enhanced LaTeX Graphics (DPC,SPQR)

(/usr/share/texlive/texmf-dist/tex/latex/graphics/graphics.sty
Package: graphics 2017/06/25 v1.2c Standard LaTeX Graphics (DPC,SPQR)

(/usr/share/texlive/texmf-dist/tex/latex/graphics/trig.sty
Package: trig 2016/01/03 v1.10 sin cos tan (DPC)
)
(/usr/share/texlive/texmf-dist/tex/latex/graphics-cfg/graphics.cfg
File: graphics.cfg 2016/06/04 v1.11 sample graphics configuration
)
Package graphics Info: Driver file: pdftex.def on input line 99.

(/usr/share/texlive/texmf-dist/tex/latex/graphics-def/pdftex.def
File: pdftex.def 2018/01/08 v1.0l Graphics/color driver for pdftex
))
\Gin@req@height=\dimen127
\Gin@req@width=\dimen128
)
(/usr/share/texlive/texmf-dist/tex/latex/lipsum/lipsum.sty
Package: lipsum 2014/07/27 v1.3 150 paragraphs of Lorem Ipsum dummy text
\c@lips@count=\count100
)
(/usr/share/texlive/texmf-dist/tex/latex/float/float.sty
Package: float 2001/11/08 v1.3d Float enhancements (AL)
\c@float@type=\count101
\float@exts=\toks16
\float@box=\box52
\@float@everytoks=\toks17
\@floatcapt=\box53
)
(/usr/share/texlive/texmf-dist/tex/latex/base/inputenc.sty
Package: inputenc 2015/03/17 v1.2c Input encoding file
\inpenc@prehook=\toks18
\inpenc@posthook=\toks19

(/usr/share/texlive/texmf-dist/tex/latex/ucs/utf8x.def
File: utf8x.def 2004/10/17 UCS: Input encoding UTF-8
))
(/usr/share/texlive/texmf-dist/tex/latex/ucs/ucs.sty
Package: ucs 2013/05/11 v2.2 UCS: Unicode input support

(/usr/share/texlive/texmf-dist/tex/latex/ucs/data/uni-global.def
File: uni-global.def 2013/05/13 UCS: Unicode global data
)
\uc@secondtry=\count102
\uc@combtoks=\toks20
\uc@combtoksb=\toks21
\uc@temptokena=\toks22
) (./doc.aux

LaTeX Warning: Label `fig:cc' multiply defined.


LaTeX Warning: Label `fig:cc' multiply defined.


LaTeX Warning: Label `fig:cc' multiply defined.


LaTeX Warning: Label `fig:cc' multiply defined.


LaTeX Warning: Label `fig:cc' multiply defined.

)
\openout1 = `doc.aux'.

LaTeX Font Info:    Checking defaults for OML/cmm/m/it on input line 23.
LaTeX Font Info:    ... okay on input line 23.
LaTeX Font Info:    Checking defaults for T1/cmr/m/n on input line 23.
LaTeX Font Info:    ... okay on input line 23.
LaTeX Font Info:    Checking defaults for OT1/cmr/m/n on input line 23.
LaTeX Font Info:    ... okay on input line 23.
LaTeX Font Info:    Checking defaults for OMS/cmsy/m/n on input line 23.
LaTeX Font Info:    ... okay on input line 23.
LaTeX Font Info:    Checking defaults for OMX/cmex/m/n on input line 23.
LaTeX Font Info:    ... okay on input line 23.
LaTeX Font Info:    Checking defaults for U/cmr/m/n on input line 23.
LaTeX Font Info:    ... okay on input line 23.

*geometry* driver: auto-detecting
*geometry* detected driver: pdftex
*geometry* verbose mode - [ preamble ] result:
* driver: pdftex
* paper: <default>
* layout: <same size as paper>
* layoutoffset:(h,v)=(0.0pt,0.0pt)
* modes: 
* h-part:(L,W,R)=(72.26999pt, 469.75502pt, 72.26999pt)
* v-part:(T,H,B)=(72.26999pt, 650.43001pt, 72.26999pt)
* \paperwidth=614.295pt
* \paperheight=794.96999pt
* \textwidth=469.75502pt
* \textheight=650.43001pt
* \oddsidemargin=0.0pt
* \evensidemargin=0.0pt
* \topmargin=-37.0pt
* \headheight=12.0pt
* \headsep=25.0pt
* \topskip=12.0pt
* \footskip=30.0pt
* \marginparwidth=44.0pt
* \marginparsep=10.0pt
* \columnsep=10.0pt
* \skip\footins=10.8pt plus 4.0pt minus 2.0pt
* \hoffset=0.0pt
* \voffset=0.0pt
* \mag=1000
* \@twocolumnfalse
* \@twosidefalse
* \@mparswitchfalse
* \@reversemarginfalse
* (1in=72.27pt=25.4mm, 1cm=28.453pt)

Package caption Info: Begin \AtBeginDocument code.
Package caption Info: float package is loaded.
Package caption Info: End \AtBeginDocument code.
(/usr/share/texlive/texmf-dist/tex/context/base/mkii/supp-pdf.mkii
[Loading MPS to PDF converter (version 2006.09.02).]
\scratchcounter=\count103
\scratchdimen=\dimen129
\scratchbox=\box54
\nofMPsegments=\count104
\nofMParguments=\count105
\everyMPshowfont=\toks23
\MPscratchCnt=\count106
\MPscratchDim=\dimen130
\MPnumerator=\count107
\makeMPintoPDFobject=\count108
\everyMPtoPDFconversion=\toks24
) (/usr/share/texlive/texmf-dist/tex/latex/oberdiek/epstopdf-base.sty
Package: epstopdf-base 2016/05/15 v2.6 Base part for package epstopdf

(/usr/share/texlive/texmf-dist/tex/generic/oberdiek/infwarerr.sty
Package: infwarerr 2016/05/16 v1.4 Providing info/warning/error messages (HO)
)
(/usr/share/texlive/texmf-dist/tex/latex/oberdiek/grfext.sty
Package: grfext 2016/05/16 v1.2 Manage graphics extensions (HO)

(/usr/share/texlive/texmf-dist/tex/generic/oberdiek/kvdefinekeys.sty
Package: kvdefinekeys 2016/05/16 v1.4 Define keys (HO)

(/usr/share/texlive/texmf-dist/tex/generic/oberdiek/ltxcmds.sty
Package: ltxcmds 2016/05/16 v1.23 LaTeX kernel commands for general use (HO)
)))
(/usr/share/texlive/texmf-dist/tex/latex/oberdiek/kvoptions.sty
Package: kvoptions 2016/05/16 v3.12 Key value format for package options (HO)

(/usr/share/texlive/texmf-dist/tex/generic/oberdiek/kvsetkeys.sty
Package: kvsetkeys 2016/05/16 v1.17 Key value parser (HO)

(/usr/share/texlive/texmf-dist/tex/generic/oberdiek/etexcmds.sty
Package: etexcmds 2016/05/16 v1.6 Avoid name clashes with e-TeX commands (HO)

(/usr/share/texlive/texmf-dist/tex/generic/oberdiek/ifluatex.sty
Package: ifluatex 2016/05/16 v1.4 Provides the ifluatex switch (HO)
Package ifluatex Info: LuaTeX not detected.
)
Package etexcmds Info: Could not find \expanded.
(etexcmds)             That can mean that you are not using pdfTeX 1.50 or
(etexcmds)             that some package has redefined \expanded.
(etexcmds)             In the latter case, load this package earlier.
)))
(/usr/share/texlive/texmf-dist/tex/generic/oberdiek/pdftexcmds.sty
Package: pdftexcmds 2018/01/21 v0.26 Utility functions of pdfTeX for LuaTeX (HO
)
Package pdftexcmds Info: LuaTeX not detected.
Package pdftexcmds Info: \pdf@primitive is available.
Package pdftexcmds Info: \pdf@ifprimitive is available.
Package pdftexcmds Info: \pdfdraftmode found.
)
Package epstopdf-base Info: Redefining graphics rule for `.eps' on input line 4
38.
Package grfext Info: Graphics extension search list:
(grfext)             [.pdf,.png,.jpg,.mps,.jpeg,.jbig2,.jb2,.PDF,.PNG,.JPG,.JPE
G,.JBIG2,.JB2,.eps]
(grfext)             \AppendGraphicsExtensions on input line 456.

(/usr/share/texlive/texmf-dist/tex/latex/latexconfig/epstopdf-sys.cfg
File: epstopdf-sys.cfg 2010/07/13 v1.3 Configuration of (r)epstopdf for TeX Liv
e
))
(/usr/share/texlive/texmf-dist/tex/latex/ucs/ucsencs.def
File: ucsencs.def 2011/01/21 Fixes to fontencodings LGR, T3
)
LaTeX Font Info:    External font `cmex10' loaded for size
(Font)              <14.4> on input line 30.
LaTeX Font Info:    External font `cmex10' loaded for size
(Font)              <7> on input line 30.

(/usr/share/texlive/texmf-dist/tex/latex/ucs/data/uni-0.def
File: uni-0.def 2013/05/13 UCS: Unicode data U+0000..U+00FF
) [1

{/var/lib/texmf/fonts/map/pdftex/updmap/pdftex.map}]
Underfull \hbox (badness 10000) in paragraph at lines 60--61

 []


Underfull \hbox (badness 10000) in paragraph at lines 60--61

 []

<../mnist_models/CNN2D_type0-batch128/model.png, id=9, 518.93875pt x 962.59625p
t>
File: ../mnist_models/CNN2D_type0-batch128/model.png Graphic file (type png)
<use ../mnist_models/CNN2D_type0-batch128/model.png>
Package pdftex.def Info: ../mnist_models/CNN2D_type0-batch128/model.png  used o
n input line 66.
(pdftex.def)             Requested size: 170.71652pt x 316.67365pt.
LaTeX Font Info:    External font `cmex10' loaded for size
(Font)              <12> on input line 68.
LaTeX Font Info:    External font `cmex10' loaded for size
(Font)              <8> on input line 68.
LaTeX Font Info:    External font `cmex10' loaded for size
(Font)              <6> on input line 68.

Underfull \hbox (badness 10000) in paragraph at lines 71--78

 []

<../mnist_models/MLPNN_type1-batch128-balanced/model.png, id=11, 413.545pt x 10
73.00874pt>
File: ../mnist_models/MLPNN_type1-batch128-balanced/model.png Graphic file (typ
e png)
<use ../mnist_models/MLPNN_type1-batch128-balanced/model.png>
Package pdftex.def Info: ../mnist_models/MLPNN_type1-batch128-balanced/model.pn
g  used on input line 83.
(pdftex.def)             Requested size: 170.71652pt x 442.94902pt.

Underfull \hbox (badness 10000) in paragraph at lines 88--90

 []


Underfull \hbox (badness 10000) in paragraph at lines 92--95

 []

[2 <../mnist_models/CNN2D_type0-batch128/model.png> <../mnist_models/MLPNN_type
1-batch128-balanced/model.png>]
Overfull \hbox (40.25496pt too wide) in paragraph at lines 121--123
[]\OT1/cmr/m/n/12 "-s", "--batch": per-me-tte di scegliere la di-men-sione del 
batch con cui ef-fet-tuare l'addestramento. 
 []


Overfull \hbox (7.89055pt too wide) in paragraph at lines 136--138
[]\OT1/cmr/m/n/12 "test[]loss[]acc.png", "train[]loss[]acc.png": sono il plot d
ell'accuratezza e della loss rispetto
 []

<../mnist_models/CNN2D_type0-batch128-balanced/0test_loss_acc.png, id=16, 462.5
28pt x 346.896pt>
File: ../mnist_models/CNN2D_type0-batch128-balanced/0test_loss_acc.png Graphic 
file (type png)
<use ../mnist_models/CNN2D_type0-batch128-balanced/0test_loss_acc.png>
Package pdftex.def Info: ../mnist_models/CNN2D_type0-batch128-balanced/0test_lo
ss_acc.png  used on input line 146.
(pdftex.def)             Requested size: 370.02289pt x 277.51717pt.
[3]
<../mnist_models/CNN2D_type0-batch128-balanced/0train_loss_acc.png, id=20, 462.
528pt x 346.896pt>
File: ../mnist_models/CNN2D_type0-batch128-balanced/0train_loss_acc.png Graphic
 file (type png)
<use ../mnist_models/CNN2D_type0-batch128-balanced/0train_loss_acc.png>
Package pdftex.def Info: ../mnist_models/CNN2D_type0-batch128-balanced/0train_l
oss_acc.png  used on input line 152.
(pdftex.def)             Requested size: 370.02289pt x 277.51717pt.
<../mnist_models/MLPNN_type1-batch128-balanced/0test_loss_acc.png, id=21, 462.5
28pt x 346.896pt>
File: ../mnist_models/MLPNN_type1-batch128-balanced/0test_loss_acc.png Graphic 
file (type png)
<use ../mnist_models/MLPNN_type1-batch128-balanced/0test_loss_acc.png>
Package pdftex.def Info: ../mnist_models/MLPNN_type1-batch128-balanced/0test_lo
ss_acc.png  used on input line 158.
(pdftex.def)             Requested size: 370.02289pt x 277.51717pt.
 [4 <../mnist_models/CNN2D_type0-batch128-balanced/0test_loss_acc.png> <../mnis
t_models/CNN2D_type0-batch128-balanced/0train_loss_acc.png>]
<../mnist_models/MLPNN_type1-batch128-balanced/0train_loss_acc.png, id=27, 462.
528pt x 346.896pt>
File: ../mnist_models/MLPNN_type1-batch128-balanced/0train_loss_acc.png Graphic
 file (type png)
<use ../mnist_models/MLPNN_type1-batch128-balanced/0train_loss_acc.png>
Package pdftex.def Info: ../mnist_models/MLPNN_type1-batch128-balanced/0train_l
oss_acc.png  used on input line 164.
(pdftex.def)             Requested size: 370.02289pt x 277.51717pt.
 [5 <../mnist_models/MLPNN_type1-batch128-balanced/0test_loss_acc.png> <../mnis
t_models/MLPNN_type1-batch128-balanced/0train_loss_acc.png>]
<../images/1.png, id=33, 1810.765pt x 1049.9225pt>
File: ../images/1.png Graphic file (type png)
<use ../images/1.png>
Package pdftex.def Info: ../images/1.png  used on input line 179.
(pdftex.def)             Requested size: 452.69014pt x 262.47998pt.
<../images/2.png, id=34, 1830.84pt x 1049.9225pt>
File: ../images/2.png Graphic file (type png)
<use ../images/2.png>
Package pdftex.def Info: ../images/2.png  used on input line 184.
(pdftex.def)             Requested size: 457.70888pt x 262.47998pt.
<../images/3.png, id=35, 1816.7875pt x 1041.8925pt>
File: ../images/3.png Graphic file (type png)
<use ../images/3.png>
Package pdftex.def Info: ../images/3.png  used on input line 189.
(pdftex.def)             Requested size: 454.19577pt x 260.47249pt.
 [6 <../images/1.png (PNG copy)> <../images/2.png (PNG copy)>]
<../images/4.png, id=39, 1804.7425pt x 1041.8925pt>
File: ../images/4.png Graphic file (type png)
<use ../images/4.png>
Package pdftex.def Info: ../images/4.png  used on input line 194.
(pdftex.def)             Requested size: 451.18452pt x 260.47249pt.
<../images/5.png, id=40, 1824.8175pt x 1041.8925pt>
File: ../images/5.png Graphic file (type png)
<use ../images/5.png>
Package pdftex.def Info: ../images/5.png  used on input line 199.
(pdftex.def)             Requested size: 456.20326pt x 260.47249pt.
 [7 <../images/3.png (PNG copy)> <../images/4.png (PNG copy)>]
<../images/6.png, id=45, 1814.78pt x 1043.9pt>
File: ../images/6.png Graphic file (type png)
<use ../images/6.png>
Package pdftex.def Info: ../images/6.png  used on input line 204.
(pdftex.def)             Requested size: 453.6939pt x 260.97435pt.
 [8 <../images/5.png (PNG copy)> <../images/6.png (PNG copy)>]
Underfull \hbox (badness 2753) in paragraph at lines 225--228
\OT1/cmr/m/n/12 Deep Con-vo-lu-tional Neu-ral Net-works, \OT1/cmr/m/it/12 https
://papers.nips.cc/paper/4824-imagenet-
 []

[9] (./doc.aux)

LaTeX Warning: There were multiply-defined labels.

 ) 
Here is how much of TeX's memory you used:
 4179 strings out of 494847
 64249 string characters out of 6179081
 225283 words of memory out of 5000000
 7451 multiletter control sequences out of 15000+600000
 8541 words of font info for 30 fonts, out of 8000000 for 9000
 59 hyphenation exceptions out of 8191
 41i,6n,39p,303b,478s stack positions out of 5000i,500n,10000p,200000b,80000s
</usr/share/texlive/texmf-dist/fonts/type1/public/amsfonts/cm/cmbx12.pfb></us
r/share/texlive/texmf-dist/fonts/type1/public/amsfonts/cm/cmr12.pfb></usr/share
/texlive/texmf-dist/fonts/type1/public/amsfonts/cm/cmr17.pfb></usr/share/texliv
e/texmf-dist/fonts/type1/public/amsfonts/cm/cmti12.pfb>
Output written on doc.pdf (9 pages, 5180601 bytes).
PDF statistics:
 68 PDF objects out of 1000 (max. 8388607)
 35 compressed objects within 1 object stream
 0 named destinations out of 1000 (max. 500000)
 61 words of extra memory for PDF output out of 10000 (max. 10000000)

